{
  "RSpec": {
    "coverage": {
      "/Users/jus/turing/4module/code-challenges/coding-challenge/config/environment.rb": [
        null,
        1,
        null,
        null,
        1
      ],
      "/Users/jus/turing/4module/code-challenges/coding-challenge/config/application.rb": [
        1,
        null,
        1,
        null,
        1,
        1,
        1,
        1,
        1,
        1,
        1,
        1,
        1,
        null,
        null,
        null,
        null,
        1,
        null,
        1,
        1,
        null,
        1,
        null,
        null,
        null,
        null,
        null,
        null,
        null,
        1,
        null,
        null
      ],
      "/Users/jus/turing/4module/code-challenges/coding-challenge/config/boot.rb": [
        1,
        null,
        1,
        1
      ],
      "/Users/jus/turing/4module/code-challenges/coding-challenge/config/environments/test.rb": [
        1,
        null,
        null,
        null,
        null,
        null,
        null,
        1,
        null,
        null,
        null,
        null,
        1,
        null,
        null,
        1,
        1,
        null,
        null,
        null,
        null,
        1,
        1,
        null,
        null,
        1,
        null,
        null,
        1,
        null,
        null,
        1,
        null,
        1,
        null,
        null,
        null,
        null,
        1,
        null,
        null,
        1,
        null,
        null,
        null,
        null
      ],
      "/Users/jus/turing/4module/code-challenges/coding-challenge/config/initializers/application_controller_renderer.rb": [
        null,
        null,
        null,
        null,
        null,
        null,
        null,
        null
      ],
      "/Users/jus/turing/4module/code-challenges/coding-challenge/config/initializers/assets.rb": [
        null,
        null,
        null,
        1,
        null,
        null,
        null,
        null,
        1,
        null,
        null,
        null,
        null,
        null
      ],
      "/Users/jus/turing/4module/code-challenges/coding-challenge/config/initializers/backtrace_silencers.rb": [
        null,
        null,
        null,
        null,
        null,
        null,
        null
      ],
      "/Users/jus/turing/4module/code-challenges/coding-challenge/config/initializers/content_security_policy.rb": [
        null,
        null,
        null,
        null,
        null,
        null,
        null,
        null,
        null,
        null,
        null,
        null,
        null,
        null,
        null,
        null,
        null,
        null,
        null,
        null,
        null,
        null,
        null,
        null,
        null
      ],
      "/Users/jus/turing/4module/code-challenges/coding-challenge/config/initializers/cookies_serializer.rb": [
        null,
        null,
        null,
        null,
        1
      ],
      "/Users/jus/turing/4module/code-challenges/coding-challenge/config/initializers/filter_parameter_logging.rb": [
        null,
        null,
        null,
        1
      ],
      "/Users/jus/turing/4module/code-challenges/coding-challenge/config/initializers/inflections.rb": [
        null,
        null,
        null,
        null,
        null,
        null,
        null,
        null,
        null,
        null,
        null,
        null,
        null,
        null,
        null,
        null
      ],
      "/Users/jus/turing/4module/code-challenges/coding-challenge/config/initializers/mime_types.rb": [
        null,
        null,
        null,
        null
      ],
      "/Users/jus/turing/4module/code-challenges/coding-challenge/config/initializers/wrap_parameters.rb": [
        null,
        null,
        null,
        null,
        null,
        null,
        1,
        2,
        null,
        null,
        null,
        null,
        null,
        null
      ],
      "/Users/jus/turing/4module/code-challenges/coding-challenge/config/routes.rb": [
        1,
        null,
        null
      ],
      "/Users/jus/turing/4module/code-challenges/coding-challenge/app/helpers/application_helper.rb": [
        1,
        null
      ],
      "/Users/jus/turing/4module/code-challenges/coding-challenge/app/models/click.rb": [
        1,
        1,
        null
      ],
      "/Users/jus/turing/4module/code-challenges/coding-challenge/app/models/application_record.rb": [
        1,
        1,
        null
      ],
      "/Users/jus/turing/4module/code-challenges/coding-challenge/spec/models/link_spec.rb": [
        1,
        null,
        1,
        1,
        2,
        null,
        null,
        1,
        3,
        2,
        2,
        null,
        null
      ],
      "/Users/jus/turing/4module/code-challenges/coding-challenge/app/models/link.rb": [
        1,
        1,
        1,
        1,
        null,
        1,
        null
      ]
    },
    "timestamp": 1553361681
  }
}
